[06-Dec-2019 13:47:57 America/Mexico_City] PHP Notice:  Undefined index: q in /home/prddigepo/hojas_municipales/consultas/conMuni.php on line 18
[06-Dec-2019 13:48:23 America/Mexico_City] PHP Notice:  Undefined index: q in /home/prddigepo/hojas_municipales/consultas/conMuni.php on line 18
[06-Dec-2019 14:07:35 America/Mexico_City] PHP Notice:  Undefined index: q in /home/prddigepo/hojas_municipales/consultas/conMuni.php on line 18
[10-Dec-2019 10:03:58 America/Mexico_City] PHP Notice:  Undefined index: q in /home/prddigepo/hojas_municipales/consultas/conMuni.php on line 18
[10-Dec-2019 11:28:26 America/Mexico_City] PHP Notice:  Undefined index: q in /home/prddigepo/hojas_municipales/consultas/conMuni.php on line 18
[10-Dec-2019 11:33:35 America/Mexico_City] PHP Notice:  Undefined index: q in /home/prddigepo/hojas_municipales/consultas/conMuni.php on line 18
[10-Dec-2019 11:33:42 America/Mexico_City] PHP Notice:  Undefined index: q in /home/prddigepo/hojas_municipales/consultas/conMuni.php on line 18
[10-Dec-2019 11:42:15 America/Mexico_City] PHP Notice:  Undefined index: q in /home/prddigepo/hojas_municipales/consultas/conMuni.php on line 18
[10-Dec-2019 11:42:29 America/Mexico_City] PHP Notice:  Undefined index: q in /home/prddigepo/hojas_municipales/consultas/conMuni.php on line 18
[10-Dec-2019 11:43:32 America/Mexico_City] PHP Notice:  Undefined index: q in /home/prddigepo/hojas_municipales/consultas/conMuni.php on line 18
[10-Dec-2019 11:46:09 America/Mexico_City] PHP Notice:  Undefined index: q in /home/prddigepo/hojas_municipales/consultas/conMuni.php on line 18
[10-Dec-2019 11:46:44 America/Mexico_City] PHP Notice:  Undefined index: q in /home/prddigepo/hojas_municipales/consultas/conMuni.php on line 18
[10-Dec-2019 11:46:46 America/Mexico_City] PHP Notice:  Undefined index: q in /home/prddigepo/hojas_municipales/consultas/conMuni.php on line 18
[10-Dec-2019 11:47:48 America/Mexico_City] PHP Notice:  Undefined index: q in /home/prddigepo/hojas_municipales/consultas/conMuni.php on line 18
[10-Dec-2019 11:50:05 America/Mexico_City] PHP Notice:  Undefined index: q in /home/prddigepo/hojas_municipales/consultas/conMuni.php on line 18
[10-Dec-2019 11:50:52 America/Mexico_City] PHP Notice:  Undefined index: q in /home/prddigepo/hojas_municipales/consultas/conMuni.php on line 18
[10-Dec-2019 11:51:55 America/Mexico_City] PHP Notice:  Undefined index: q in /home/prddigepo/hojas_municipales/consultas/conMuni.php on line 18
[10-Dec-2019 11:52:20 America/Mexico_City] PHP Notice:  Undefined index: q in /home/prddigepo/hojas_municipales/consultas/conMuni.php on line 18
[10-Dec-2019 11:53:29 America/Mexico_City] PHP Notice:  Undefined index: q in /home/prddigepo/hojas_municipales/consultas/conMuni.php on line 18
[10-Dec-2019 11:54:21 America/Mexico_City] PHP Notice:  Undefined index: q in /home/prddigepo/hojas_municipales/consultas/conMuni.php on line 18
[10-Dec-2019 11:54:47 America/Mexico_City] PHP Notice:  Undefined index: q in /home/prddigepo/hojas_municipales/consultas/conMuni.php on line 18
[10-Dec-2019 11:55:13 America/Mexico_City] PHP Notice:  Undefined index: q in /home/prddigepo/hojas_municipales/consultas/conMuni.php on line 18
[10-Dec-2019 11:55:29 America/Mexico_City] PHP Notice:  Undefined index: q in /home/prddigepo/hojas_municipales/consultas/conMuni.php on line 18
[10-Dec-2019 11:59:29 America/Mexico_City] PHP Notice:  Undefined index: q in /home/prddigepo/hojas_municipales/consultas/conMuni.php on line 18
[10-Dec-2019 12:00:11 America/Mexico_City] PHP Notice:  Undefined index: q in /home/prddigepo/hojas_municipales/consultas/conMuni.php on line 18
[10-Dec-2019 12:02:11 America/Mexico_City] PHP Notice:  Undefined index: q in /home/prddigepo/hojas_municipales/consultas/conMuni.php on line 18
[10-Dec-2019 12:02:21 America/Mexico_City] PHP Notice:  Undefined index: q in /home/prddigepo/hojas_municipales/consultas/conMuni.php on line 18
[10-Dec-2019 12:02:37 America/Mexico_City] PHP Notice:  Undefined index: q in /home/prddigepo/hojas_municipales/consultas/conMuni.php on line 18
[10-Dec-2019 12:02:47 America/Mexico_City] PHP Notice:  Undefined index: q in /home/prddigepo/hojas_municipales/consultas/conMuni.php on line 18
[10-Dec-2019 12:03:23 America/Mexico_City] PHP Notice:  Undefined index: q in /home/prddigepo/hojas_municipales/consultas/conMuni.php on line 18
[10-Dec-2019 12:04:05 America/Mexico_City] PHP Notice:  Undefined index: q in /home/prddigepo/hojas_municipales/consultas/conMuni.php on line 18
[10-Dec-2019 12:11:09 America/Mexico_City] PHP Notice:  Undefined index: q in /home/prddigepo/hojas_municipales/consultas/conMuni.php on line 18
[10-Dec-2019 12:11:28 America/Mexico_City] PHP Notice:  Undefined index: q in /home/prddigepo/hojas_municipales/consultas/conMuni.php on line 18
[10-Dec-2019 12:11:30 America/Mexico_City] PHP Notice:  Undefined index: q in /home/prddigepo/hojas_municipales/consultas/conMuni.php on line 18
[10-Dec-2019 12:11:30 America/Mexico_City] PHP Notice:  Undefined index: q in /home/prddigepo/hojas_municipales/consultas/conMuni.php on line 18
[10-Dec-2019 12:11:33 America/Mexico_City] PHP Notice:  Undefined index: q in /home/prddigepo/hojas_municipales/consultas/conMuni.php on line 18
[10-Dec-2019 12:11:33 America/Mexico_City] PHP Notice:  Undefined index: q in /home/prddigepo/hojas_municipales/consultas/conMuni.php on line 18
[10-Dec-2019 12:16:18 America/Mexico_City] PHP Notice:  Undefined index: q in /home/prddigepo/hojas_municipales/consultas/conMuni.php on line 18
[10-Dec-2019 12:16:39 America/Mexico_City] PHP Notice:  Undefined index: q in /home/prddigepo/hojas_municipales/consultas/conMuni.php on line 18
[10-Dec-2019 12:16:47 America/Mexico_City] PHP Notice:  Undefined index: q in /home/prddigepo/hojas_municipales/consultas/conMuni.php on line 18
[10-Dec-2019 12:17:06 America/Mexico_City] PHP Notice:  Undefined index: q in /home/prddigepo/hojas_municipales/consultas/conMuni.php on line 18
[10-Dec-2019 12:17:10 America/Mexico_City] PHP Notice:  Undefined index: q in /home/prddigepo/hojas_municipales/consultas/conMuni.php on line 18
[10-Dec-2019 12:19:01 America/Mexico_City] PHP Notice:  Undefined index: q in /home/prddigepo/hojas_municipales/consultas/conMuni.php on line 18
[10-Dec-2019 12:19:25 America/Mexico_City] PHP Notice:  Undefined index: q in /home/prddigepo/hojas_municipales/consultas/conMuni.php on line 18
[10-Dec-2019 12:20:54 America/Mexico_City] PHP Notice:  Undefined index: q in /home/prddigepo/hojas_municipales/consultas/conMuni.php on line 18
[10-Dec-2019 12:21:15 America/Mexico_City] PHP Notice:  Undefined index: q in /home/prddigepo/hojas_municipales/consultas/conMuni.php on line 18
[10-Dec-2019 12:26:54 America/Mexico_City] PHP Notice:  Undefined index: q in /home/prddigepo/hojas_municipales/consultas/conMuni.php on line 18
[10-Dec-2019 12:27:09 America/Mexico_City] PHP Notice:  Undefined index: q in /home/prddigepo/hojas_municipales/consultas/conMuni.php on line 18
[10-Dec-2019 12:29:11 America/Mexico_City] PHP Notice:  Undefined index: q in /home/prddigepo/hojas_municipales/consultas/conMuni.php on line 18
[10-Dec-2019 12:32:50 America/Mexico_City] PHP Notice:  Undefined index: q in /home/prddigepo/hojas_municipales/consultas/conMuni.php on line 18
[10-Dec-2019 12:33:27 America/Mexico_City] PHP Notice:  Undefined index: q in /home/prddigepo/hojas_municipales/consultas/conMuni.php on line 18
[10-Dec-2019 12:33:54 America/Mexico_City] PHP Notice:  Undefined index: q in /home/prddigepo/hojas_municipales/consultas/conMuni.php on line 18
[10-Dec-2019 12:34:05 America/Mexico_City] PHP Notice:  Undefined index: q in /home/prddigepo/hojas_municipales/consultas/conMuni.php on line 18
[10-Dec-2019 12:45:55 America/Mexico_City] PHP Notice:  Undefined index: q in /home/prddigepo/hojas_municipales/consultas/conMuni.php on line 18
[10-Dec-2019 13:26:23 America/Mexico_City] PHP Notice:  Undefined index: q in /home/prddigepo/hojas_municipales/consultas/conMuni.php on line 18
[12-Dec-2019 08:14:00 America/Mexico_City] PHP Notice:  Undefined index: q in /home/prddigepo/hojas_municipales/consultas/conMuni.php on line 18
[12-Dec-2019 13:54:58 America/Mexico_City] PHP Notice:  Undefined index: q in /home/prddigepo/hojas_municipales/consultas/conMuni.php on line 18
[12-Dec-2019 13:55:11 America/Mexico_City] PHP Notice:  Undefined index: q in /home/prddigepo/hojas_municipales/consultas/conMuni.php on line 18
[13-Dec-2019 09:32:00 America/Mexico_City] PHP Notice:  Undefined index: q in /home/prddigepo/hojas_municipales/consultas/conMuni.php on line 18
[13-Dec-2019 09:35:57 America/Mexico_City] PHP Notice:  Undefined index: q in /home/prddigepo/hojas_municipales/consultas/conMuni.php on line 18
[16-Dec-2019 08:42:49 America/Mexico_City] PHP Notice:  Undefined index: q in /home/prddigepo/hojas_municipales/consultas/conMuni.php on line 18
[16-Dec-2019 11:15:21 America/Mexico_City] PHP Notice:  Undefined index: q in /home/prddigepo/hojas_municipales/consultas/conMuni.php on line 18
[16-Dec-2019 11:44:40 America/Mexico_City] PHP Notice:  Undefined index: q in /home/prddigepo/hojas_municipales/consultas/conMuni.php on line 18
[28-Sep-2020 12:47:32 America/Mexico_City] Undefined index: formulario
[28-Sep-2020 12:47:51 America/Mexico_City] Undefined index: formulario
[28-Sep-2020 12:58:05 America/Mexico_City] Undefined index: formulario
[28-Sep-2020 13:13:32 America/Mexico_City] Undefined index: formulario
[28-Sep-2020 20:36:13 America/Mexico_City] Undefined index: formulario
[30-Nov-2020 14:41:31 America/Mexico_City] SQLSTATE[HY000]: General error: 1 no such column: edad_madn
[23-Dec-2020 23:22:50 America/Mexico_City] SQLSTATE[HY000]: General error: 1 no such column: edad_madn
[10-Feb-2021 10:08:40 America/Mexico_City] PHP Notice:  Undefined variable: error in /home/prddigepo/hojas_municipales/db/conexionPDO.php on line 9
[10-Feb-2021 10:08:50 America/Mexico_City] PHP Notice:  Undefined variable: error in /home/prddigepo/hojas_municipales/db/conexionPDO.php on line 9
[10-Feb-2021 10:09:14 America/Mexico_City] PHP Notice:  Undefined variable: error in /home/prddigepo/hojas_municipales/db/conexionPDO.php on line 9
[10-Feb-2021 10:09:14 America/Mexico_City] PHP Notice:  Undefined variable: error in /home/prddigepo/hojas_municipales/db/conexionPDO.php on line 9
[10-Feb-2021 10:12:49 America/Mexico_City] PHP Notice:  Undefined variable: error in /home/prddigepo/hojas_municipales/db/conexionPDO.php on line 9
[10-Feb-2021 10:12:59 America/Mexico_City] PHP Notice:  Undefined variable: error in /home/prddigepo/hojas_municipales/db/conexionPDO.php on line 9
[10-Feb-2021 10:14:46 America/Mexico_City] PHP Notice:  Undefined variable: error in /home/prddigepo/hojas_municipales/db/conexionPDO.php on line 9
[11-Feb-2022 13:53:37 America/Mexico_City] PHP Parse error:  syntax error, unexpected 'Engine' (T_STRING), expecting function (T_FUNCTION) or const (T_CONST) in /home/prddigepo/municipios_visitados/api/flight/Flight.php on line 68
[11-Feb-2022 13:53:47 America/Mexico_City] PHP Parse error:  syntax error, unexpected 'Engine' (T_STRING), expecting function (T_FUNCTION) or const (T_CONST) in /home/prddigepo/municipios_visitados/api/flight/Flight.php on line 68
[11-Feb-2022 13:53:55 America/Mexico_City] PHP Parse error:  syntax error, unexpected 'Engine' (T_STRING), expecting function (T_FUNCTION) or const (T_CONST) in /home/prddigepo/municipios_visitados/api/flight/Flight.php on line 68
[11-Feb-2022 13:54:26 America/Mexico_City] PHP Parse error:  syntax error, unexpected 'Engine' (T_STRING), expecting function (T_FUNCTION) or const (T_CONST) in /home/prddigepo/municipios_visitados/api/flight/Flight.php on line 68
[11-Feb-2022 13:54:27 America/Mexico_City] PHP Parse error:  syntax error, unexpected 'Engine' (T_STRING), expecting function (T_FUNCTION) or const (T_CONST) in /home/prddigepo/municipios_visitados/api/flight/Flight.php on line 68
[11-Feb-2022 13:54:28 America/Mexico_City] PHP Parse error:  syntax error, unexpected 'Engine' (T_STRING), expecting function (T_FUNCTION) or const (T_CONST) in /home/prddigepo/municipios_visitados/api/flight/Flight.php on line 68
[11-Feb-2022 13:54:31 America/Mexico_City] PHP Parse error:  syntax error, unexpected 'Engine' (T_STRING), expecting function (T_FUNCTION) or const (T_CONST) in /home/prddigepo/municipios_visitados/api/flight/Flight.php on line 68
[11-Feb-2022 13:54:47 America/Mexico_City] PHP Parse error:  syntax error, unexpected 'Engine' (T_STRING), expecting function (T_FUNCTION) or const (T_CONST) in /home/prddigepo/municipios_visitados/api/flight/Flight.php on line 68
[11-Feb-2022 13:55:11 America/Mexico_City] PHP Parse error:  syntax error, unexpected 'Engine' (T_STRING), expecting function (T_FUNCTION) or const (T_CONST) in /home/prddigepo/municipios_visitados/api/flight/Flight.php on line 68
[11-Feb-2022 13:56:19 America/Mexico_City] PHP Parse error:  syntax error, unexpected 'Engine' (T_STRING), expecting function (T_FUNCTION) or const (T_CONST) in /home/prddigepo/municipios_visitados/api/flight/Flight.php on line 68
[11-Feb-2022 13:57:06 America/Mexico_City] PHP Parse error:  syntax error, unexpected 'Engine' (T_STRING), expecting function (T_FUNCTION) or const (T_CONST) in /home/prddigepo/municipios_visitados/api/flight/Flight.php on line 68
[11-Feb-2022 13:57:09 America/Mexico_City] PHP Parse error:  syntax error, unexpected 'Engine' (T_STRING), expecting function (T_FUNCTION) or const (T_CONST) in /home/prddigepo/municipios_visitados/api/flight/Flight.php on line 68
[11-Feb-2022 13:57:22 America/Mexico_City] PHP Parse error:  syntax error, unexpected 'Engine' (T_STRING), expecting function (T_FUNCTION) or const (T_CONST) in /home/prddigepo/municipios_visitados/api/flight/Flight.php on line 68
[11-Feb-2022 13:59:05 America/Mexico_City] PHP Parse error:  syntax error, unexpected 'Engine' (T_STRING), expecting function (T_FUNCTION) or const (T_CONST) in /home/prddigepo/municipios_visitados/api/flight/Flight.php on line 68
[11-Feb-2022 13:59:41 America/Mexico_City] PHP Parse error:  syntax error, unexpected 'Engine' (T_STRING), expecting function (T_FUNCTION) or const (T_CONST) in /home/prddigepo/municipios_visitados/api/flight/Flight.php on line 68
[11-Feb-2022 13:59:53 America/Mexico_City] PHP Parse error:  syntax error, unexpected 'Engine' (T_STRING), expecting function (T_FUNCTION) or const (T_CONST) in /home/prddigepo/municipios_visitados/api/flight/Flight.php on line 68
[11-Feb-2022 13:59:55 America/Mexico_City] PHP Parse error:  syntax error, unexpected 'Engine' (T_STRING), expecting function (T_FUNCTION) or const (T_CONST) in /home/prddigepo/municipios_visitados/api/flight/Flight.php on line 68
[11-Feb-2022 14:01:50 America/Mexico_City] PHP Parse error:  syntax error, unexpected 'Engine' (T_STRING), expecting function (T_FUNCTION) or const (T_CONST) in /home/prddigepo/municipios_visitados/api/flight/Flight.php on line 68
[11-Feb-2022 14:01:51 America/Mexico_City] PHP Parse error:  syntax error, unexpected 'Engine' (T_STRING), expecting function (T_FUNCTION) or const (T_CONST) in /home/prddigepo/municipios_visitados/api/flight/Flight.php on line 68
[11-Feb-2022 14:01:56 America/Mexico_City] PHP Parse error:  syntax error, unexpected 'Engine' (T_STRING), expecting function (T_FUNCTION) or const (T_CONST) in /home/prddigepo/municipios_visitados/api/flight/Flight.php on line 68
[11-Feb-2022 14:02:19 America/Mexico_City] PHP Parse error:  syntax error, unexpected 'Engine' (T_STRING), expecting function (T_FUNCTION) or const (T_CONST) in /home/prddigepo/municipios_visitados/api/flight/Flight.php on line 68
[11-Feb-2022 14:02:55 America/Mexico_City] PHP Parse error:  syntax error, unexpected 'Engine' (T_STRING), expecting function (T_FUNCTION) or const (T_CONST) in /home/prddigepo/municipios_visitados/api/flight/Flight.php on line 68
[11-Feb-2022 14:03:11 America/Mexico_City] PHP Parse error:  syntax error, unexpected 'Engine' (T_STRING), expecting function (T_FUNCTION) or const (T_CONST) in /home/prddigepo/municipios_visitados/api/flight/Flight.php on line 68
[11-Feb-2022 14:03:26 America/Mexico_City] PHP Parse error:  syntax error, unexpected 'Engine' (T_STRING), expecting function (T_FUNCTION) or const (T_CONST) in /home/prddigepo/municipios_visitados/api/flight/Flight.php on line 68
[11-Feb-2022 14:03:29 America/Mexico_City] PHP Parse error:  syntax error, unexpected 'Engine' (T_STRING), expecting function (T_FUNCTION) or const (T_CONST) in /home/prddigepo/municipios_visitados/api/flight/Flight.php on line 68
